20 Oct 2020 08:08:51 [rsession-chrisadore] ERROR system error 41 (Protocol wrong type for socket) [request-uri: /events/get_events]; OCCURRED AT virtual void rstudio::session::HttpConnectionImpl<rstudio_boost::asio::ip::tcp>::sendResponse(const core::http::Response &) [ProtocolType = rstudio_boost::asio::ip::tcp] src/cpp/session/http/SessionPosixHttpConnectionListener.cpp:113; LOGGED FROM: virtual void rstudio::session::HttpConnectionImpl<rstudio_boost::asio::ip::tcp>::sendResponse(const core::http::Response &) [ProtocolType = rstudio_boost::asio::ip::tcp] src/cpp/session/http/SessionPosixHttpConnectionListener.cpp:118
20 Oct 2020 08:11:33 [rsession-chrisadore] ERROR system error 41 (Protocol wrong type for socket) [request-uri: /events/get_events]; OCCURRED AT virtual void rstudio::session::HttpConnectionImpl<rstudio_boost::asio::ip::tcp>::sendResponse(const core::http::Response &) [ProtocolType = rstudio_boost::asio::ip::tcp] src/cpp/session/http/SessionPosixHttpConnectionListener.cpp:113; LOGGED FROM: virtual void rstudio::session::HttpConnectionImpl<rstudio_boost::asio::ip::tcp>::sendResponse(const core::http::Response &) [ProtocolType = rstudio_boost::asio::ip::tcp] src/cpp/session/http/SessionPosixHttpConnectionListener.cpp:118
21 Oct 2020 03:33:43 [rsession-chrisadore] ERROR CLIENT EXCEPTION (rsession-chrisadore): (TypeError) : Failed to execute 'getComputedStyle' on 'Window': parameter 1 is not of type 'Element'.;
org/rstudio/core/client/dom/DomUtils.java#911::getComputedStyles
org/rstudio/studio/client/workbench/views/source/editors/text/themes/AceThemes.java#98::run
com/google/gwt/user/client/Timer.java#124::fire
rstudio-0.js#-1::eval
com/google/gwt/core/client/impl/Impl.java#306::apply
com/google/gwt/core/client/impl/Impl.java#345::entry0
rstudio-0.js#-1::eval
Client-ID: 33e600bb-c1b1-46bf-b562-ab5cba070b0e
User-Agent: Mozilla/5.0 (Macintosh  Intel Mac OS X 10_15_7) AppleWebKit/537.36 (KHTML, like Gecko) QtWebEngine/5.12.8 Chrome/69.0.3497.128 Safari/537.36
21 Oct 2020 03:33:43 [rsession-chrisadore] ERROR CLIENT EXCEPTION (rsession-chrisadore): (TypeError) : Failed to execute 'getComputedStyle' on 'Window': parameter 1 is not of type 'Element'.;
org/rstudio/core/client/dom/DomUtils.java#911::getComputedStyles
org/rstudio/studio/client/workbench/views/source/editors/text/themes/AceThemes.java#98::run
com/google/gwt/user/client/Timer.java#124::fire
rstudio-0.js#-1::eval
com/google/gwt/core/client/impl/Impl.java#306::apply
com/google/gwt/core/client/impl/Impl.java#345::entry0
rstudio-0.js#-1::eval
Client-ID: 33e600bb-c1b1-46bf-b562-ab5cba070b0e
User-Agent: Mozilla/5.0 (Macintosh  Intel Mac OS X 10_15_7) AppleWebKit/537.36 (KHTML, like Gecko) QtWebEngine/5.12.8 Chrome/69.0.3497.128 Safari/537.36
21 Oct 2020 03:33:43 [rsession-chrisadore] ERROR CLIENT EXCEPTION (rsession-chrisadore): (TypeError) : Failed to execute 'getComputedStyle' on 'Window': parameter 1 is not of type 'Element'.;
org/rstudio/core/client/dom/DomUtils.java#911::getComputedStyles
org/rstudio/studio/client/workbench/views/source/editors/text/themes/AceThemes.java#98::run
com/google/gwt/user/client/Timer.java#124::fire
rstudio-0.js#-1::eval
com/google/gwt/core/client/impl/Impl.java#306::apply
com/google/gwt/core/client/impl/Impl.java#345::entry0
rstudio-0.js#-1::eval
Client-ID: 33e600bb-c1b1-46bf-b562-ab5cba070b0e
User-Agent: Mozilla/5.0 (Macintosh  Intel Mac OS X 10_15_7) AppleWebKit/537.36 (KHTML, like Gecko) QtWebEngine/5.12.8 Chrome/69.0.3497.128 Safari/537.36
27 Oct 2020 08:25:24 [rsession-chrisadore] ERROR system error 41 (Protocol wrong type for socket) [request-uri: /events/get_events]; OCCURRED AT virtual void rstudio::session::HttpConnectionImpl<rstudio_boost::asio::ip::tcp>::sendResponse(const core::http::Response &) [ProtocolType = rstudio_boost::asio::ip::tcp] src/cpp/session/http/SessionPosixHttpConnectionListener.cpp:113; LOGGED FROM: virtual void rstudio::session::HttpConnectionImpl<rstudio_boost::asio::ip::tcp>::sendResponse(const core::http::Response &) [ProtocolType = rstudio_boost::asio::ip::tcp] src/cpp/session/http/SessionPosixHttpConnectionListener.cpp:118
27 Nov 2020 08:06:33 [rsession-chrisadore] ERROR system error 2 (No such file or directory) [path: /Users/chrisadore/OneDrive/RNA-seq/U_D8_041620/U_D8_041620.Rproj, project-file: /Users/chrisadore/OneDrive/RNA-seq/U_D8_041620/U_D8_041620.Rproj, user-msg: the project file does not exist]; OCCURRED AT rstudio::core::Error rstudio::session::projects::ProjectContext::startup(const rstudio::core::FilePath &, std::string *) src/cpp/session/projects/SessionProjectContext.cpp:194; LOGGED FROM: void rstudio::session::projects::startup(const std::string &) src/cpp/session/projects/SessionProjects.cpp:886
27 Nov 2020 15:45:24 [rsession-chrisadore] ERROR system error 41 (Protocol wrong type for socket) [request-uri: /events/get_events]; OCCURRED AT virtual void rstudio::session::HttpConnectionImpl<rstudio_boost::asio::ip::tcp>::sendResponse(const core::http::Response &) [ProtocolType = rstudio_boost::asio::ip::tcp] src/cpp/session/http/SessionPosixHttpConnectionListener.cpp:113; LOGGED FROM: virtual void rstudio::session::HttpConnectionImpl<rstudio_boost::asio::ip::tcp>::sendResponse(const core::http::Response &) [ProtocolType = rstudio_boost::asio::ip::tcp] src/cpp/session/http/SessionPosixHttpConnectionListener.cpp:118
28 Nov 2020 09:56:10 [rsession-chrisadore] ERROR system error 41 (Protocol wrong type for socket) [request-uri: /events/get_events]; OCCURRED AT virtual void rstudio::session::HttpConnectionImpl<rstudio_boost::asio::ip::tcp>::sendResponse(const core::http::Response &) [ProtocolType = rstudio_boost::asio::ip::tcp] src/cpp/session/http/SessionPosixHttpConnectionListener.cpp:113; LOGGED FROM: virtual void rstudio::session::HttpConnectionImpl<rstudio_boost::asio::ip::tcp>::sendResponse(const core::http::Response &) [ProtocolType = rstudio_boost::asio::ip::tcp] src/cpp/session/http/SessionPosixHttpConnectionListener.cpp:118
03 Dec 2020 07:21:15 [rsession-chrisadore] ERROR system error 2 (No such file or directory) [path: /Users/chrisadore/OneDrive - 國立台灣大學/RNA seq for U_D8 S1 041620KD 1st/DEseq2]; OCCURRED AT void rstudio::core::system::file_monitor::(anonymous namespace)::fileEventCallback(ConstFSEventStreamRef, void *, size_t, void *, const FSEventStreamEventFlags *, const FSEventStreamEventId *) src/cpp/core/system/file_monitor/MacFileMonitor.cpp:144; LOGGED FROM: void rstudio::session::projects::ProjectContext::fileMonitorTermination(const rstudio::core::Error &) src/cpp/session/projects/SessionProjectContext.cpp:559
03 Dec 2020 07:50:56 [rsession-chrisadore] ERROR system error 2 (No such file or directory); OCCURRED AT rstudio::core::Error rstudio::session::source_database::get(const std::string &, bool, boost::shared_ptr<SourceDocument>) src/cpp/session/SessionSourceDatabase.cpp:693; LOGGED FROM: rstudio::core::Error rstudio::session::modules::source::(anonymous namespace)::closeDocument(const json::JsonRpcRequest &, json::JsonRpcResponse *) src/cpp/session/modules/SessionSource.cpp:789
03 Dec 2020 08:11:37 [rsession-chrisadore] ERROR system error 2 (No such file or directory) [path: /Users/chrisadore/OneDrive - 國立台灣大學/RNA seq for U_D8 S1 041620KD 1st/DEseq2/DEseq2.Rproj, project-file: /Users/chrisadore/OneDrive - 國立台灣大學/RNA seq for U_D8 S1 041620KD 1st/DEseq2/DEseq2.Rproj, user-msg: the project file does not exist]; OCCURRED AT rstudio::core::Error rstudio::session::projects::ProjectContext::startup(const rstudio::core::FilePath &, std::string *) src/cpp/session/projects/SessionProjectContext.cpp:194; LOGGED FROM: void rstudio::session::projects::startup(const std::string &) src/cpp/session/projects/SessionProjects.cpp:886
03 Dec 2020 08:12:38 [rsession-chrisadore] ERROR system error 41 (Protocol wrong type for socket) [request-uri: /events/get_events]; OCCURRED AT virtual void rstudio::session::HttpConnectionImpl<rstudio_boost::asio::ip::tcp>::sendResponse(const core::http::Response &) [ProtocolType = rstudio_boost::asio::ip::tcp] src/cpp/session/http/SessionPosixHttpConnectionListener.cpp:113; LOGGED FROM: virtual void rstudio::session::HttpConnectionImpl<rstudio_boost::asio::ip::tcp>::sendResponse(const core::http::Response &) [ProtocolType = rstudio_boost::asio::ip::tcp] src/cpp/session/http/SessionPosixHttpConnectionListener.cpp:118
08 Dec 2020 06:00:34 [rsession-chrisadore] ERROR system error 41 (Protocol wrong type for socket) [request-uri: /events/get_events]; OCCURRED AT virtual void rstudio::session::HttpConnectionImpl<rstudio_boost::asio::ip::tcp>::sendResponse(const core::http::Response &) [ProtocolType = rstudio_boost::asio::ip::tcp] src/cpp/session/http/SessionPosixHttpConnectionListener.cpp:113; LOGGED FROM: virtual void rstudio::session::HttpConnectionImpl<rstudio_boost::asio::ip::tcp>::sendResponse(const core::http::Response &) [ProtocolType = rstudio_boost::asio::ip::tcp] src/cpp/session/http/SessionPosixHttpConnectionListener.cpp:118
15 Dec 2020 07:12:18 [rsession-chrisadore] ERROR CLIENT EXCEPTION (rsession-chrisadore): (TypeError) : Cannot read property 'parentNode' of null;
com/google/gwt/dom/client/DOMImpl.java#253::getParentElement
com/google/gwt/dom/client/Node.java#189::getParentElement
org/rstudio/core/client/widget/RStudioDataGrid.java#63::hideMacHorizontalScrollbars
org/rstudio/core/client/widget/RStudioDataGrid.java#60::execute
com/google/gwt/core/client/impl/SchedulerImpl.java#167::runScheduledTasks
com/google/gwt/core/client/impl/SchedulerImpl.java#338::flushPostEventPumpCommands
com/google/gwt/core/client/impl/SchedulerImpl.java#76::execute
com/google/gwt/core/client/impl/SchedulerImpl.java#140::execute
com/google/gwt/core/client/impl/Impl.java#306::apply
com/google/gwt/core/client/impl/Impl.java#345::entry0
rstudio-0.js#-1::eval
com/google/gwt/cell/client/AbstractEditableCell.java#41::viewDataMap
Client-ID: 33e600bb-c1b1-46bf-b562-ab5cba070b0e
User-Agent: Mozilla/5.0 (Macintosh  Intel Mac OS X 10_15_7) AppleWebKit/537.36 (KHTML, like Gecko) QtWebEngine/5.12.8 Chrome/69.0.3497.128 Safari/537.36
25 Dec 2020 07:38:44 [rsession-chrisadore] ERROR CLIENT EXCEPTION (rsession-chrisadore): (TypeError) : Cannot read property 'parentNode' of null;
com/google/gwt/dom/client/DOMImpl.java#253::getParentElement
com/google/gwt/dom/client/Node.java#189::getParentElement
org/rstudio/core/client/widget/RStudioDataGrid.java#63::hideMacHorizontalScrollbars
org/rstudio/core/client/widget/RStudioDataGrid.java#60::execute
com/google/gwt/core/client/impl/SchedulerImpl.java#167::runScheduledTasks
com/google/gwt/core/client/impl/SchedulerImpl.java#338::flushPostEventPumpCommands
com/google/gwt/core/client/impl/SchedulerImpl.java#76::execute
com/google/gwt/core/client/impl/SchedulerImpl.java#140::execute
com/google/gwt/core/client/impl/Impl.java#306::apply
com/google/gwt/core/client/impl/Impl.java#345::entry0
rstudio-0.js#-1::eval
com/google/gwt/cell/client/AbstractEditableCell.java#41::viewDataMap
Client-ID: 33e600bb-c1b1-46bf-b562-ab5cba070b0e
User-Agent: Mozilla/5.0 (Macintosh  Intel Mac OS X 10_15_7) AppleWebKit/537.36 (KHTML, like Gecko) QtWebEngine/5.12.8 Chrome/69.0.3497.128 Safari/537.36
25 Dec 2020 07:39:14 [rsession-chrisadore] ERROR system error 41 (Protocol wrong type for socket) [request-uri: /events/get_events]; OCCURRED AT virtual void rstudio::session::HttpConnectionImpl<rstudio_boost::asio::ip::tcp>::sendResponse(const core::http::Response &) [ProtocolType = rstudio_boost::asio::ip::tcp] src/cpp/session/http/SessionPosixHttpConnectionListener.cpp:113; LOGGED FROM: virtual void rstudio::session::HttpConnectionImpl<rstudio_boost::asio::ip::tcp>::sendResponse(const core::http::Response &) [ProtocolType = rstudio_boost::asio::ip::tcp] src/cpp/session/http/SessionPosixHttpConnectionListener.cpp:118
29 Dec 2020 07:52:30 [rsession-chrisadore] ERROR CLIENT EXCEPTION (rsession-chrisadore): (TypeError) : Cannot read property 'parentNode' of null;
com/google/gwt/dom/client/DOMImpl.java#253::getParentElement
com/google/gwt/dom/client/Node.java#189::getParentElement
org/rstudio/core/client/widget/RStudioDataGrid.java#63::hideMacHorizontalScrollbars
org/rstudio/core/client/widget/RStudioDataGrid.java#60::execute
com/google/gwt/core/client/impl/SchedulerImpl.java#167::runScheduledTasks
com/google/gwt/core/client/impl/SchedulerImpl.java#338::flushPostEventPumpCommands
com/google/gwt/core/client/impl/SchedulerImpl.java#76::execute
com/google/gwt/core/client/impl/SchedulerImpl.java#140::execute
com/google/gwt/core/client/impl/Impl.java#306::apply
com/google/gwt/core/client/impl/Impl.java#345::entry0
rstudio-0.js#-1::eval
com/google/gwt/cell/client/AbstractEditableCell.java#41::viewDataMap
Client-ID: 33e600bb-c1b1-46bf-b562-ab5cba070b0e
User-Agent: Mozilla/5.0 (Macintosh  Intel Mac OS X 10_15_7) AppleWebKit/537.36 (KHTML, like Gecko) QtWebEngine/5.12.8 Chrome/69.0.3497.128 Safari/537.36
30 Dec 2020 06:51:58 [rsession-chrisadore] ERROR system error 41 (Protocol wrong type for socket) [request-uri: /]; OCCURRED AT virtual void rstudio::session::HttpConnectionImpl<rstudio_boost::asio::ip::tcp>::sendResponse(const core::http::Response &) [ProtocolType = rstudio_boost::asio::ip::tcp] src/cpp/session/http/SessionPosixHttpConnectionListener.cpp:113; LOGGED FROM: virtual void rstudio::session::HttpConnectionImpl<rstudio_boost::asio::ip::tcp>::sendResponse(const core::http::Response &) [ProtocolType = rstudio_boost::asio::ip::tcp] src/cpp/session/http/SessionPosixHttpConnectionListener.cpp:118
30 Dec 2020 18:17:21 [rsession-chrisadore] ERROR Unexpected exception: boost: mutex lock failed in pthread_mutex_lock: Invalid argument
01 Jan 2021 09:09:25 [rsession-chrisadore] ERROR system error 41 (Protocol wrong type for socket) [request-uri: /events/get_events]; OCCURRED AT virtual void rstudio::session::HttpConnectionImpl<rstudio_boost::asio::ip::tcp>::sendResponse(const core::http::Response &) [ProtocolType = rstudio_boost::asio::ip::tcp] src/cpp/session/http/SessionPosixHttpConnectionListener.cpp:113; LOGGED FROM: virtual void rstudio::session::HttpConnectionImpl<rstudio_boost::asio::ip::tcp>::sendResponse(const core::http::Response &) [ProtocolType = rstudio_boost::asio::ip::tcp] src/cpp/session/http/SessionPosixHttpConnectionListener.cpp:118
02 Jan 2021 14:01:16 [rsession-chrisadore] ERROR CLIENT EXCEPTION (rsession-chrisadore): (TypeError) : Cannot read property 'parentNode' of null;
com/google/gwt/dom/client/DOMImpl.java#253::getParentElement
com/google/gwt/dom/client/Node.java#189::getParentElement
org/rstudio/core/client/widget/RStudioDataGrid.java#63::hideMacHorizontalScrollbars
org/rstudio/core/client/widget/RStudioDataGrid.java#60::execute
com/google/gwt/core/client/impl/SchedulerImpl.java#167::runScheduledTasks
com/google/gwt/core/client/impl/SchedulerImpl.java#338::flushPostEventPumpCommands
com/google/gwt/core/client/impl/SchedulerImpl.java#76::execute
com/google/gwt/core/client/impl/SchedulerImpl.java#140::execute
com/google/gwt/core/client/impl/Impl.java#306::apply
com/google/gwt/core/client/impl/Impl.java#345::entry0
rstudio-0.js#-1::eval
com/google/gwt/cell/client/AbstractEditableCell.java#41::viewDataMap
Client-ID: 33e600bb-c1b1-46bf-b562-ab5cba070b0e
User-Agent: Mozilla/5.0 (Macintosh  Intel Mac OS X 10_16_0) AppleWebKit/537.36 (KHTML, like Gecko) QtWebEngine/5.12.8 Chrome/69.0.3497.128 Safari/537.36
02 Jan 2021 14:01:20 [rsession-chrisadore] ERROR CLIENT EXCEPTION (rsession-chrisadore): (TypeError) : Cannot read property 'parentNode' of null;
com/google/gwt/dom/client/DOMImpl.java#253::getParentElement
com/google/gwt/dom/client/Node.java#189::getParentElement
org/rstudio/core/client/widget/RStudioDataGrid.java#63::hideMacHorizontalScrollbars
org/rstudio/core/client/widget/RStudioDataGrid.java#60::execute
com/google/gwt/core/client/impl/SchedulerImpl.java#167::runScheduledTasks
com/google/gwt/core/client/impl/SchedulerImpl.java#338::flushPostEventPumpCommands
com/google/gwt/core/client/impl/SchedulerImpl.java#76::execute
com/google/gwt/core/client/impl/SchedulerImpl.java#140::execute
com/google/gwt/core/client/impl/Impl.java#306::apply
com/google/gwt/core/client/impl/Impl.java#345::entry0
rstudio-0.js#-1::eval
com/google/gwt/cell/client/AbstractEditableCell.java#41::viewDataMap
Client-ID: 33e600bb-c1b1-46bf-b562-ab5cba070b0e
User-Agent: Mozilla/5.0 (Macintosh  Intel Mac OS X 10_16_0) AppleWebKit/537.36 (KHTML, like Gecko) QtWebEngine/5.12.8 Chrome/69.0.3497.128 Safari/537.36
02 Jan 2021 19:24:02 [rsession-chrisadore] ERROR Unexpected exception: boost: mutex lock failed in pthread_mutex_lock: Invalid argument
03 Jan 2021 15:57:45 [rsession-chrisadore] ERROR Error parsing client state; LOGGED FROM: void rstudio::r::session::(anonymous namespace)::restoreState(const core::FilePath &, json::Object *) src/cpp/r/session/RClientState.cpp:127
03 Jan 2021 15:57:45 [rsession-chrisadore] ERROR Error parsing client state; LOGGED FROM: void rstudio::r::session::(anonymous namespace)::restoreState(const core::FilePath &, json::Object *) src/cpp/r/session/RClientState.cpp:127
03 Jan 2021 15:57:45 [rsession-chrisadore] ERROR Error parsing client state; LOGGED FROM: void rstudio::r::session::(anonymous namespace)::restoreState(const core::FilePath &, json::Object *) src/cpp/r/session/RClientState.cpp:127
03 Jan 2021 15:57:45 [rsession-chrisadore] ERROR Error parsing client state; LOGGED FROM: void rstudio::r::session::(anonymous namespace)::restoreState(const core::FilePath &, json::Object *) src/cpp/r/session/RClientState.cpp:127
03 Jan 2021 15:57:45 [rsession-chrisadore] WARNING Skipping source db move from: /Volumes/TOSHIBA EXT/RNAseq1/DEseq2/.Rproj.user/654806F8/sources/per/t/._2004D66B-contents to /Volumes/TOSHIBA EXT/RNAseq1/DEseq2/.Rproj.user/654806F8/sources/s-EB3CDBCC/._2004D66B-contents; LOGGED FROM: void rstudio::session::source_database::supervisor::(anonymous namespace)::attemptToMoveSourceDbFiles(const rstudio::core::FilePath &, const rstudio::core::FilePath &) src/cpp/session/SessionSourceDatabaseSupervisor.cpp:219
03 Jan 2021 15:57:45 [rsession-chrisadore] WARNING Skipping source db move from: /Volumes/TOSHIBA EXT/RNAseq1/DEseq2/.Rproj.user/654806F8/sources/per/t/._2004D66B to /Volumes/TOSHIBA EXT/RNAseq1/DEseq2/.Rproj.user/654806F8/sources/s-EB3CDBCC/._2004D66B; LOGGED FROM: void rstudio::session::source_database::supervisor::(anonymous namespace)::attemptToMoveSourceDbFiles(const rstudio::core::FilePath &, const rstudio::core::FilePath &) src/cpp/session/SessionSourceDatabaseSupervisor.cpp:219
03 Jan 2021 15:57:45 [rsession-chrisadore] WARNING Skipping source db move from: /Volumes/TOSHIBA EXT/RNAseq1/DEseq2/.Rproj.user/654806F8/sources/per/u/._911F0871-contents to /Volumes/TOSHIBA EXT/RNAseq1/DEseq2/.Rproj.user/654806F8/sources/s-EB3CDBCC/._911F0871-contents; LOGGED FROM: void rstudio::session::source_database::supervisor::(anonymous namespace)::attemptToMoveSourceDbFiles(const rstudio::core::FilePath &, const rstudio::core::FilePath &) src/cpp/session/SessionSourceDatabaseSupervisor.cpp:219
03 Jan 2021 15:57:45 [rsession-chrisadore] WARNING Skipping source db move from: /Volumes/TOSHIBA EXT/RNAseq1/DEseq2/.Rproj.user/654806F8/sources/per/u/._911F0871 to /Volumes/TOSHIBA EXT/RNAseq1/DEseq2/.Rproj.user/654806F8/sources/s-EB3CDBCC/._911F0871; LOGGED FROM: void rstudio::session::source_database::supervisor::(anonymous namespace)::attemptToMoveSourceDbFiles(const rstudio::core::FilePath &, const rstudio::core::FilePath &) src/cpp/session/SessionSourceDatabaseSupervisor.cpp:219
03 Jan 2021 15:57:48 [rsession-chrisadore] ERROR system error 22 (Invalid argument); OCCURRED AT rstudio::core::Error rstudio::session::source_database::get(const std::string &, bool, boost::shared_ptr<SourceDocument>) src/cpp/session/SessionSourceDatabase.cpp:670; LOGGED FROM: rstudio::core::Error rstudio::session::source_database::list(std::vector<boost::shared_ptr<SourceDocument> > *) src/cpp/session/SessionSourceDatabase.cpp:809
03 Jan 2021 15:57:48 [rsession-chrisadore] ERROR system error 22 (Invalid argument); OCCURRED AT rstudio::core::Error rstudio::session::source_database::get(const std::string &, bool, boost::shared_ptr<SourceDocument>) src/cpp/session/SessionSourceDatabase.cpp:670; LOGGED FROM: rstudio::core::Error rstudio::session::source_database::list(std::vector<boost::shared_ptr<SourceDocument> > *) src/cpp/session/SessionSourceDatabase.cpp:809
03 Jan 2021 15:57:50 [rsession-chrisadore] ERROR system error 22 (Invalid argument); OCCURRED AT rstudio::core::Error rstudio::session::source_database::get(const std::string &, bool, boost::shared_ptr<SourceDocument>) src/cpp/session/SessionSourceDatabase.cpp:670; LOGGED FROM: rstudio::core::Error rstudio::session::source_database::list(std::vector<boost::shared_ptr<SourceDocument> > *) src/cpp/session/SessionSourceDatabase.cpp:809
03 Jan 2021 15:57:50 [rsession-chrisadore] ERROR system error 22 (Invalid argument); OCCURRED AT rstudio::core::Error rstudio::session::source_database::get(const std::string &, bool, boost::shared_ptr<SourceDocument>) src/cpp/session/SessionSourceDatabase.cpp:670; LOGGED FROM: rstudio::core::Error rstudio::session::source_database::list(std::vector<boost::shared_ptr<SourceDocument> > *) src/cpp/session/SessionSourceDatabase.cpp:809
03 Jan 2021 15:57:51 [rsession-chrisadore] ERROR system error 22 (Invalid argument); OCCURRED AT rstudio::core::Error rstudio::session::source_database::get(const std::string &, bool, boost::shared_ptr<SourceDocument>) src/cpp/session/SessionSourceDatabase.cpp:670; LOGGED FROM: void rstudio::session::modules::explorer::(anonymous namespace)::removeOrphanedCacheItems() src/cpp/session/modules/SessionObjectExplorer.cpp:81
03 Jan 2021 15:57:51 [rsession-chrisadore] ERROR system error 22 (Invalid argument); OCCURRED AT rstudio::core::Error rstudio::session::source_database::get(const std::string &, bool, boost::shared_ptr<SourceDocument>) src/cpp/session/SessionSourceDatabase.cpp:670; LOGGED FROM: void rstudio::session::modules::explorer::(anonymous namespace)::removeOrphanedCacheItems() src/cpp/session/modules/SessionObjectExplorer.cpp:81
03 Jan 2021 15:58:17 [rsession-chrisadore] ERROR system error 22 (Invalid argument); OCCURRED AT rstudio::core::Error rstudio::session::source_database::get(const std::string &, bool, boost::shared_ptr<SourceDocument>) src/cpp/session/SessionSourceDatabase.cpp:670; LOGGED FROM: rstudio::core::Error rstudio::session::source_database::list(std::vector<boost::shared_ptr<SourceDocument> > *) src/cpp/session/SessionSourceDatabase.cpp:809
03 Jan 2021 15:58:17 [rsession-chrisadore] ERROR system error 22 (Invalid argument); OCCURRED AT rstudio::core::Error rstudio::session::source_database::get(const std::string &, bool, boost::shared_ptr<SourceDocument>) src/cpp/session/SessionSourceDatabase.cpp:670; LOGGED FROM: rstudio::core::Error rstudio::session::source_database::list(std::vector<boost::shared_ptr<SourceDocument> > *) src/cpp/session/SessionSourceDatabase.cpp:809
04 Jan 2021 05:18:29 [rsession-chrisadore] ERROR system error 2 (No such file or directory) [path: /Volumes/TOSHIBA EXT/RNAseq1]; OCCURRED AT void rstudio::core::system::file_monitor::(anonymous namespace)::fileEventCallback(ConstFSEventStreamRef, void *, size_t, void *, const FSEventStreamEventFlags *, const FSEventStreamEventId *) src/cpp/core/system/file_monitor/MacFileMonitor.cpp:144; LOGGED FROM: void rstudio::session::projects::ProjectContext::fileMonitorTermination(const rstudio::core::Error &) src/cpp/session/projects/SessionProjectContext.cpp:559
04 Jan 2021 05:42:18 [rsession-chrisadore] ERROR CLIENT EXCEPTION (rsession-chrisadore): (TypeError) : Cannot read property 'parentNode' of null;
com/google/gwt/dom/client/DOMImpl.java#253::getParentElement
com/google/gwt/dom/client/Node.java#189::getParentElement
org/rstudio/core/client/widget/RStudioDataGrid.java#63::hideMacHorizontalScrollbars
org/rstudio/core/client/widget/RStudioDataGrid.java#60::execute
com/google/gwt/core/client/impl/SchedulerImpl.java#167::runScheduledTasks
com/google/gwt/core/client/impl/SchedulerImpl.java#338::flushPostEventPumpCommands
com/google/gwt/core/client/impl/SchedulerImpl.java#76::execute
com/google/gwt/core/client/impl/SchedulerImpl.java#140::execute
com/google/gwt/core/client/impl/Impl.java#306::apply
com/google/gwt/core/client/impl/Impl.java#345::entry0
rstudio-0.js#-1::eval
com/google/gwt/cell/client/AbstractEditableCell.java#41::viewDataMap
Client-ID: 33e600bb-c1b1-46bf-b562-ab5cba070b0e
User-Agent: Mozilla/5.0 (Macintosh  Intel Mac OS X 10_16_0) AppleWebKit/537.36 (KHTML, like Gecko) QtWebEngine/5.12.8 Chrome/69.0.3497.128 Safari/537.36
04 Jan 2021 05:55:55 [rsession-chrisadore] ERROR CLIENT EXCEPTION (rsession-chrisadore): (TypeError) : Cannot read property 'parentNode' of null;
com/google/gwt/dom/client/DOMImpl.java#253::getParentElement
com/google/gwt/dom/client/Node.java#189::getParentElement
org/rstudio/core/client/widget/RStudioDataGrid.java#63::hideMacHorizontalScrollbars
org/rstudio/core/client/widget/RStudioDataGrid.java#60::execute
com/google/gwt/core/client/impl/SchedulerImpl.java#167::runScheduledTasks
com/google/gwt/core/client/impl/SchedulerImpl.java#338::flushPostEventPumpCommands
com/google/gwt/core/client/impl/SchedulerImpl.java#76::execute
com/google/gwt/core/client/impl/SchedulerImpl.java#140::execute
com/google/gwt/core/client/impl/Impl.java#306::apply
com/google/gwt/core/client/impl/Impl.java#345::entry0
rstudio-0.js#-1::eval
com/google/gwt/cell/client/AbstractEditableCell.java#41::viewDataMap
Client-ID: 33e600bb-c1b1-46bf-b562-ab5cba070b0e
User-Agent: Mozilla/5.0 (Macintosh  Intel Mac OS X 10_16_0) AppleWebKit/537.36 (KHTML, like Gecko) QtWebEngine/5.12.8 Chrome/69.0.3497.128 Safari/537.36
05 Jan 2021 05:50:45 [rsession-chrisadore] ERROR system error 41 (Protocol wrong type for socket) [request-uri: /events/get_events]; OCCURRED AT virtual void rstudio::session::HttpConnectionImpl<rstudio_boost::asio::ip::tcp>::sendResponse(const core::http::Response &) [ProtocolType = rstudio_boost::asio::ip::tcp] src/cpp/session/http/SessionPosixHttpConnectionListener.cpp:113; LOGGED FROM: virtual void rstudio::session::HttpConnectionImpl<rstudio_boost::asio::ip::tcp>::sendResponse(const core::http::Response &) [ProtocolType = rstudio_boost::asio::ip::tcp] src/cpp/session/http/SessionPosixHttpConnectionListener.cpp:118
05 Jan 2021 08:45:46 [rsession-chrisadore] ERROR system error 41 (Protocol wrong type for socket) [request-uri: /events/get_events]; OCCURRED AT virtual void rstudio::session::HttpConnectionImpl<rstudio_boost::asio::ip::tcp>::sendResponse(const core::http::Response &) [ProtocolType = rstudio_boost::asio::ip::tcp] src/cpp/session/http/SessionPosixHttpConnectionListener.cpp:113; LOGGED FROM: virtual void rstudio::session::HttpConnectionImpl<rstudio_boost::asio::ip::tcp>::sendResponse(const core::http::Response &) [ProtocolType = rstudio_boost::asio::ip::tcp] src/cpp/session/http/SessionPosixHttpConnectionListener.cpp:118
06 Jan 2021 09:35:57 [rsession-chrisadore] ERROR system error 41 (Protocol wrong type for socket) [request-uri: /events/get_events]; OCCURRED AT virtual void rstudio::session::HttpConnectionImpl<rstudio_boost::asio::ip::tcp>::sendResponse(const core::http::Response &) [ProtocolType = rstudio_boost::asio::ip::tcp] src/cpp/session/http/SessionPosixHttpConnectionListener.cpp:113; LOGGED FROM: virtual void rstudio::session::HttpConnectionImpl<rstudio_boost::asio::ip::tcp>::sendResponse(const core::http::Response &) [ProtocolType = rstudio_boost::asio::ip::tcp] src/cpp/session/http/SessionPosixHttpConnectionListener.cpp:118
06 Jan 2021 09:36:26 [rsession-chrisadore] ERROR system error 2 (No such file or directory) [path: /Volumes/TOSHIBA EXT/OneDrive - 國立台灣大學.Rproj, dcf-file: /Volumes/TOSHIBA EXT/OneDrive - 國立台灣大學.Rproj]; OCCURRED AT rstudio::core::Error rstudio::core::FilePath::openForRead(std::shared_ptr<std::istream> &) const src/cpp/shared_core/FilePath.cpp:1167; LOGGED FROM: void rstudio::session::projects::(anonymous namespace)::syncProjectFileChanges() src/cpp/session/projects/SessionProjects.cpp:488
26 Jan 2021 04:57:14 [rsession-chrisadore] ERROR system error 2 (No such file or directory) [path: /Users/chrisadore/Desktop/Desktop.Rproj, project-file: /Users/chrisadore/Desktop/Desktop.Rproj, user-msg: the project file does not exist]; OCCURRED AT rstudio::core::Error rstudio::session::projects::ProjectContext::startup(const rstudio::core::FilePath &, std::string *) src/cpp/session/projects/SessionProjectContext.cpp:194; LOGGED FROM: void rstudio::session::projects::startup(const std::string &) src/cpp/session/projects/SessionProjects.cpp:886
27 Jan 2021 05:29:23 [rsession-chrisadore] ERROR system error 2 (No such file or directory); OCCURRED AT rstudio::core::FilePath rstudio::core::system::currentWorkingDirMac(PidType) src/cpp/core/system/PosixSystem.cpp:1228; LOGGED FROM: rstudio::core::FilePath rstudio::core::system::currentWorkingDirMac(PidType) src/cpp/core/system/PosixSystem.cpp:1228
27 Jan 2021 05:29:25 [rsession-chrisadore] ERROR system error 2 (No such file or directory); OCCURRED AT rstudio::core::FilePath rstudio::core::system::currentWorkingDirMac(PidType) src/cpp/core/system/PosixSystem.cpp:1228; LOGGED FROM: rstudio::core::FilePath rstudio::core::system::currentWorkingDirMac(PidType) src/cpp/core/system/PosixSystem.cpp:1228
27 Jan 2021 05:29:27 [rsession-chrisadore] ERROR system error 2 (No such file or directory); OCCURRED AT rstudio::core::FilePath rstudio::core::system::currentWorkingDirMac(PidType) src/cpp/core/system/PosixSystem.cpp:1228; LOGGED FROM: rstudio::core::FilePath rstudio::core::system::currentWorkingDirMac(PidType) src/cpp/core/system/PosixSystem.cpp:1228
27 Jan 2021 05:29:29 [rsession-chrisadore] ERROR system error 2 (No such file or directory); OCCURRED AT rstudio::core::FilePath rstudio::core::system::currentWorkingDirMac(PidType) src/cpp/core/system/PosixSystem.cpp:1228; LOGGED FROM: rstudio::core::FilePath rstudio::core::system::currentWorkingDirMac(PidType) src/cpp/core/system/PosixSystem.cpp:1228
27 Jan 2021 05:29:31 [rsession-chrisadore] ERROR system error 2 (No such file or directory); OCCURRED AT rstudio::core::FilePath rstudio::core::system::currentWorkingDirMac(PidType) src/cpp/core/system/PosixSystem.cpp:1228; LOGGED FROM: rstudio::core::FilePath rstudio::core::system::currentWorkingDirMac(PidType) src/cpp/core/system/PosixSystem.cpp:1228
27 Jan 2021 05:29:33 [rsession-chrisadore] ERROR system error 2 (No such file or directory); OCCURRED AT rstudio::core::FilePath rstudio::core::system::currentWorkingDirMac(PidType) src/cpp/core/system/PosixSystem.cpp:1228; LOGGED FROM: rstudio::core::FilePath rstudio::core::system::currentWorkingDirMac(PidType) src/cpp/core/system/PosixSystem.cpp:1228
27 Jan 2021 05:29:35 [rsession-chrisadore] ERROR system error 2 (No such file or directory); OCCURRED AT rstudio::core::FilePath rstudio::core::system::currentWorkingDirMac(PidType) src/cpp/core/system/PosixSystem.cpp:1228; LOGGED FROM: rstudio::core::FilePath rstudio::core::system::currentWorkingDirMac(PidType) src/cpp/core/system/PosixSystem.cpp:1228
27 Jan 2021 05:29:37 [rsession-chrisadore] ERROR system error 2 (No such file or directory); OCCURRED AT rstudio::core::FilePath rstudio::core::system::currentWorkingDirMac(PidType) src/cpp/core/system/PosixSystem.cpp:1228; LOGGED FROM: rstudio::core::FilePath rstudio::core::system::currentWorkingDirMac(PidType) src/cpp/core/system/PosixSystem.cpp:1228
27 Jan 2021 05:29:39 [rsession-chrisadore] ERROR system error 2 (No such file or directory); OCCURRED AT rstudio::core::FilePath rstudio::core::system::currentWorkingDirMac(PidType) src/cpp/core/system/PosixSystem.cpp:1228; LOGGED FROM: rstudio::core::FilePath rstudio::core::system::currentWorkingDirMac(PidType) src/cpp/core/system/PosixSystem.cpp:1228
27 Jan 2021 05:29:41 [rsession-chrisadore] ERROR system error 2 (No such file or directory); OCCURRED AT rstudio::core::FilePath rstudio::core::system::currentWorkingDirMac(PidType) src/cpp/core/system/PosixSystem.cpp:1228; LOGGED FROM: rstudio::core::FilePath rstudio::core::system::currentWorkingDirMac(PidType) src/cpp/core/system/PosixSystem.cpp:1228
27 Jan 2021 05:29:43 [rsession-chrisadore] ERROR system error 2 (No such file or directory); OCCURRED AT rstudio::core::FilePath rstudio::core::system::currentWorkingDirMac(PidType) src/cpp/core/system/PosixSystem.cpp:1228; LOGGED FROM: rstudio::core::FilePath rstudio::core::system::currentWorkingDirMac(PidType) src/cpp/core/system/PosixSystem.cpp:1228
27 Jan 2021 05:29:45 [rsession-chrisadore] ERROR system error 2 (No such file or directory); OCCURRED AT rstudio::core::FilePath rstudio::core::system::currentWorkingDirMac(PidType) src/cpp/core/system/PosixSystem.cpp:1228; LOGGED FROM: rstudio::core::FilePath rstudio::core::system::currentWorkingDirMac(PidType) src/cpp/core/system/PosixSystem.cpp:1228
27 Jan 2021 05:29:47 [rsession-chrisadore] ERROR system error 2 (No such file or directory); OCCURRED AT rstudio::core::FilePath rstudio::core::system::currentWorkingDirMac(PidType) src/cpp/core/system/PosixSystem.cpp:1228; LOGGED FROM: rstudio::core::FilePath rstudio::core::system::currentWorkingDirMac(PidType) src/cpp/core/system/PosixSystem.cpp:1228
27 Jan 2021 05:29:49 [rsession-chrisadore] ERROR system error 2 (No such file or directory); OCCURRED AT rstudio::core::FilePath rstudio::core::system::currentWorkingDirMac(PidType) src/cpp/core/system/PosixSystem.cpp:1228; LOGGED FROM: rstudio::core::FilePath rstudio::core::system::currentWorkingDirMac(PidType) src/cpp/core/system/PosixSystem.cpp:1228
27 Jan 2021 05:29:52 [rsession-chrisadore] ERROR system error 2 (No such file or directory); OCCURRED AT rstudio::core::FilePath rstudio::core::system::currentWorkingDirMac(PidType) src/cpp/core/system/PosixSystem.cpp:1228; LOGGED FROM: rstudio::core::FilePath rstudio::core::system::currentWorkingDirMac(PidType) src/cpp/core/system/PosixSystem.cpp:1228
27 Jan 2021 05:29:55 [rsession-chrisadore] ERROR system error 2 (No such file or directory); OCCURRED AT rstudio::core::FilePath rstudio::core::system::currentWorkingDirMac(PidType) src/cpp/core/system/PosixSystem.cpp:1228; LOGGED FROM: rstudio::core::FilePath rstudio::core::system::currentWorkingDirMac(PidType) src/cpp/core/system/PosixSystem.cpp:1228
27 Jan 2021 05:29:55 [rsession-chrisadore] ERROR system error 2 (No such file or directory) [path: /Volumes/TOSHIBA EXT/RNAseq1]; OCCURRED AT void rstudio::core::system::file_monitor::(anonymous namespace)::fileEventCallback(ConstFSEventStreamRef, void *, size_t, void *, const FSEventStreamEventFlags *, const FSEventStreamEventId *) src/cpp/core/system/file_monitor/MacFileMonitor.cpp:144; LOGGED FROM: void rstudio::session::projects::ProjectContext::fileMonitorTermination(const rstudio::core::Error &) src/cpp/session/projects/SessionProjectContext.cpp:559
27 Jan 2021 05:29:57 [rsession-chrisadore] ERROR system error 2 (No such file or directory); OCCURRED AT rstudio::core::FilePath rstudio::core::system::currentWorkingDirMac(PidType) src/cpp/core/system/PosixSystem.cpp:1228; LOGGED FROM: rstudio::core::FilePath rstudio::core::system::currentWorkingDirMac(PidType) src/cpp/core/system/PosixSystem.cpp:1228
27 Jan 2021 05:29:59 [rsession-chrisadore] ERROR system error 2 (No such file or directory); OCCURRED AT rstudio::core::FilePath rstudio::core::system::currentWorkingDirMac(PidType) src/cpp/core/system/PosixSystem.cpp:1228; LOGGED FROM: rstudio::core::FilePath rstudio::core::system::currentWorkingDirMac(PidType) src/cpp/core/system/PosixSystem.cpp:1228
27 Jan 2021 05:30:01 [rsession-chrisadore] ERROR system error 2 (No such file or directory); OCCURRED AT rstudio::core::FilePath rstudio::core::system::currentWorkingDirMac(PidType) src/cpp/core/system/PosixSystem.cpp:1228; LOGGED FROM: rstudio::core::FilePath rstudio::core::system::currentWorkingDirMac(PidType) src/cpp/core/system/PosixSystem.cpp:1228
27 Jan 2021 05:30:15 [rsession-chrisadore] ERROR system error 2 (No such file or directory); OCCURRED AT rstudio::core::FilePath rstudio::core::system::currentWorkingDirMac(PidType) src/cpp/core/system/PosixSystem.cpp:1228; LOGGED FROM: rstudio::core::FilePath rstudio::core::system::currentWorkingDirMac(PidType) src/cpp/core/system/PosixSystem.cpp:1228
29 Jan 2021 10:06:41 [rsession-chrisadore] ERROR system error 41 (Protocol wrong type for socket) [request-uri: /events/get_events]; OCCURRED AT virtual void rstudio::session::HttpConnectionImpl<rstudio_boost::asio::ip::tcp>::sendResponse(const core::http::Response &) [ProtocolType = rstudio_boost::asio::ip::tcp] src/cpp/session/http/SessionPosixHttpConnectionListener.cpp:113; LOGGED FROM: virtual void rstudio::session::HttpConnectionImpl<rstudio_boost::asio::ip::tcp>::sendResponse(const core::http::Response &) [ProtocolType = rstudio_boost::asio::ip::tcp] src/cpp/session/http/SessionPosixHttpConnectionListener.cpp:118
01 Feb 2021 09:28:58 [rsession-chrisadore] ERROR system error 41 (Protocol wrong type for socket) [request-uri: /events/get_events]; OCCURRED AT virtual void rstudio::session::HttpConnectionImpl<rstudio_boost::asio::ip::tcp>::sendResponse(const core::http::Response &) [ProtocolType = rstudio_boost::asio::ip::tcp] src/cpp/session/http/SessionPosixHttpConnectionListener.cpp:113; LOGGED FROM: virtual void rstudio::session::HttpConnectionImpl<rstudio_boost::asio::ip::tcp>::sendResponse(const core::http::Response &) [ProtocolType = rstudio_boost::asio::ip::tcp] src/cpp/session/http/SessionPosixHttpConnectionListener.cpp:118
02 Feb 2021 08:29:02 [rsession-chrisadore] ERROR CLIENT EXCEPTION (rsession-chrisadore): SyntaxError: Illegal return statement;
Client-ID: 33e600bb-c1b1-46bf-b562-ab5cba070b0e
User-Agent: Mozilla/5.0 (Macintosh  Intel Mac OS X 10_16_0) AppleWebKit/537.36 (KHTML, like Gecko) QtWebEngine/5.12.8 Chrome/69.0.3497.128 Safari/537.36
03 Feb 2021 07:14:18 [rsession-chrisadore] ERROR CLIENT EXCEPTION (rsession-chrisadore): (TypeError) : Cannot read property 'parentNode' of null;
com/google/gwt/dom/client/DOMImpl.java#253::getParentElement
com/google/gwt/dom/client/Node.java#189::getParentElement
org/rstudio/core/client/widget/RStudioDataGrid.java#63::hideMacHorizontalScrollbars
org/rstudio/core/client/widget/RStudioDataGrid.java#60::execute
com/google/gwt/core/client/impl/SchedulerImpl.java#167::runScheduledTasks
com/google/gwt/core/client/impl/SchedulerImpl.java#338::flushPostEventPumpCommands
com/google/gwt/core/client/impl/SchedulerImpl.java#76::execute
com/google/gwt/core/client/impl/SchedulerImpl.java#140::execute
com/google/gwt/core/client/impl/Impl.java#306::apply
com/google/gwt/core/client/impl/Impl.java#345::entry0
rstudio-0.js#-1::eval
com/google/gwt/cell/client/AbstractEditableCell.java#41::viewDataMap
Client-ID: 33e600bb-c1b1-46bf-b562-ab5cba070b0e
User-Agent: Mozilla/5.0 (Macintosh  Intel Mac OS X 10_16_0) AppleWebKit/537.36 (KHTML, like Gecko) QtWebEngine/5.12.8 Chrome/69.0.3497.128 Safari/537.36
03 Feb 2021 07:21:06 [rsession-chrisadore] ERROR system error 41 (Protocol wrong type for socket) [request-uri: /help/library/pasilla/doc/create_objects.html]; OCCURRED AT virtual void rstudio::session::HttpConnectionImpl<rstudio_boost::asio::ip::tcp>::sendResponse(const core::http::Response &) [ProtocolType = rstudio_boost::asio::ip::tcp] src/cpp/session/http/SessionPosixHttpConnectionListener.cpp:113; LOGGED FROM: virtual void rstudio::session::HttpConnectionImpl<rstudio_boost::asio::ip::tcp>::sendResponse(const core::http::Response &) [ProtocolType = rstudio_boost::asio::ip::tcp] src/cpp/session/http/SessionPosixHttpConnectionListener.cpp:118
03 Feb 2021 09:32:10 [rsession-chrisadore] ERROR system error 41 (Protocol wrong type for socket) [request-uri: /events/get_events]; OCCURRED AT virtual void rstudio::session::HttpConnectionImpl<rstudio_boost::asio::ip::tcp>::sendResponse(const core::http::Response &) [ProtocolType = rstudio_boost::asio::ip::tcp] src/cpp/session/http/SessionPosixHttpConnectionListener.cpp:113; LOGGED FROM: virtual void rstudio::session::HttpConnectionImpl<rstudio_boost::asio::ip::tcp>::sendResponse(const core::http::Response &) [ProtocolType = rstudio_boost::asio::ip::tcp] src/cpp/session/http/SessionPosixHttpConnectionListener.cpp:118
08 Feb 2021 06:36:57 [rsession-chrisadore] ERROR system error 2 (No such file or directory) [path: /Volumes/TOSHIBA EXT/RNAseq1]; OCCURRED AT void rstudio::core::system::file_monitor::(anonymous namespace)::fileEventCallback(ConstFSEventStreamRef, void *, size_t, void *, const FSEventStreamEventFlags *, const FSEventStreamEventId *) src/cpp/core/system/file_monitor/MacFileMonitor.cpp:144; LOGGED FROM: void rstudio::session::projects::ProjectContext::fileMonitorTermination(const rstudio::core::Error &) src/cpp/session/projects/SessionProjectContext.cpp:559
27 Feb 2021 13:37:06 [rsession-chrisadore] ERROR CLIENT EXCEPTION (rsession-chrisadore): (TypeError) : Cannot read property 'parentNode' of null;
com/google/gwt/dom/client/DOMImpl.java#253::getParentElement
com/google/gwt/dom/client/Node.java#189::getParentElement
org/rstudio/core/client/widget/RStudioDataGrid.java#63::hideMacHorizontalScrollbars
org/rstudio/core/client/widget/RStudioDataGrid.java#60::execute
com/google/gwt/core/client/impl/SchedulerImpl.java#167::runScheduledTasks
com/google/gwt/core/client/impl/SchedulerImpl.java#338::flushPostEventPumpCommands
com/google/gwt/core/client/impl/SchedulerImpl.java#76::execute
com/google/gwt/core/client/impl/SchedulerImpl.java#140::execute
com/google/gwt/core/client/impl/Impl.java#306::apply
com/google/gwt/core/client/impl/Impl.java#345::entry0
rstudio-0.js#-1::eval
com/google/gwt/cell/client/AbstractEditableCell.java#41::viewDataMap
Client-ID: 33e600bb-c1b1-46bf-b562-ab5cba070b0e
User-Agent: Mozilla/5.0 (Macintosh  Intel Mac OS X 10_16_0) AppleWebKit/537.36 (KHTML, like Gecko) QtWebEngine/5.12.8 Chrome/69.0.3497.128 Safari/537.36
27 Feb 2021 13:37:06 [rsession-chrisadore] ERROR CLIENT EXCEPTION (rsession-chrisadore): (TypeError) : Cannot read property 'parentNode' of null;
com/google/gwt/dom/client/DOMImpl.java#253::getParentElement
com/google/gwt/dom/client/Node.java#189::getParentElement
org/rstudio/core/client/widget/RStudioDataGrid.java#63::hideMacHorizontalScrollbars
org/rstudio/core/client/widget/RStudioDataGrid.java#60::execute
com/google/gwt/core/client/impl/SchedulerImpl.java#167::runScheduledTasks
com/google/gwt/core/client/impl/SchedulerImpl.java#338::flushPostEventPumpCommands
com/google/gwt/core/client/impl/SchedulerImpl.java#76::execute
com/google/gwt/core/client/impl/SchedulerImpl.java#140::execute
com/google/gwt/core/client/impl/Impl.java#306::apply
com/google/gwt/core/client/impl/Impl.java#345::entry0
rstudio-0.js#-1::eval
com/google/gwt/cell/client/AbstractEditableCell.java#41::viewDataMap
Client-ID: 33e600bb-c1b1-46bf-b562-ab5cba070b0e
User-Agent: Mozilla/5.0 (Macintosh  Intel Mac OS X 10_16_0) AppleWebKit/537.36 (KHTML, like Gecko) QtWebEngine/5.12.8 Chrome/69.0.3497.128 Safari/537.36
01 Mar 2021 04:51:19 [rsession-chrisadore] ERROR system error 100 (Protocol error) [description: File not found, OSStatus: -43, path: /Volumes/TOSHIBA EXT/RNAseq1/DEseq2/._.Rhistory]; OCCURRED AT rstudio::core::Error rstudio::core::system::recycle_bin::sendTo(const rstudio::core::FilePath &) src/cpp/core/system/recycle_bin/MacRecycleBin.cpp:60; LOGGED FROM: core::Error rstudio::session::modules::files::(anonymous namespace)::deleteFile(const rstudio::core::FilePath &) src/cpp/session/modules/SessionFiles.cpp:321
01 Mar 2021 04:51:19 [rsession-chrisadore] ERROR system error 100 (Protocol error) [description: File not found, OSStatus: -43, path: /Volumes/TOSHIBA EXT/RNAseq1/DEseq2/._.RData]; OCCURRED AT rstudio::core::Error rstudio::core::system::recycle_bin::sendTo(const rstudio::core::FilePath &) src/cpp/core/system/recycle_bin/MacRecycleBin.cpp:60; LOGGED FROM: core::Error rstudio::session::modules::files::(anonymous namespace)::deleteFile(const rstudio::core::FilePath &) src/cpp/session/modules/SessionFiles.cpp:321
01 Mar 2021 05:19:49 [rsession-chrisadore] ERROR system error 41 (Protocol wrong type for socket) [request-uri: /events/get_events]; OCCURRED AT virtual void rstudio::session::HttpConnectionImpl<rstudio_boost::asio::ip::tcp>::sendResponse(const core::http::Response &) [ProtocolType = rstudio_boost::asio::ip::tcp] src/cpp/session/http/SessionPosixHttpConnectionListener.cpp:113; LOGGED FROM: virtual void rstudio::session::HttpConnectionImpl<rstudio_boost::asio::ip::tcp>::sendResponse(const core::http::Response &) [ProtocolType = rstudio_boost::asio::ip::tcp] src/cpp/session/http/SessionPosixHttpConnectionListener.cpp:118
05 Mar 2021 08:38:30 [rsession-chrisadore] ERROR system error 41 (Protocol wrong type for socket) [request-uri: /rstudio/deferredjs/D3F3ACBFF0263AC22C1456AC632503D4/31.cache.js]; OCCURRED AT virtual void rstudio::session::HttpConnectionImpl<rstudio_boost::asio::ip::tcp>::sendResponse(const core::http::Response &) [ProtocolType = rstudio_boost::asio::ip::tcp] src/cpp/session/http/SessionPosixHttpConnectionListener.cpp:113; LOGGED FROM: virtual void rstudio::session::HttpConnectionImpl<rstudio_boost::asio::ip::tcp>::sendResponse(const core::http::Response &) [ProtocolType = rstudio_boost::asio::ip::tcp] src/cpp/session/http/SessionPosixHttpConnectionListener.cpp:118
13 Mar 2021 04:32:23 [rsession-chrisadore] ERROR system error 41 (Protocol wrong type for socket) [request-uri: /events/get_events]; OCCURRED AT virtual void rstudio::session::HttpConnectionImpl<rstudio_boost::asio::ip::tcp>::sendResponse(const core::http::Response &) [ProtocolType = rstudio_boost::asio::ip::tcp] src/cpp/session/http/SessionPosixHttpConnectionListener.cpp:113; LOGGED FROM: virtual void rstudio::session::HttpConnectionImpl<rstudio_boost::asio::ip::tcp>::sendResponse(const core::http::Response &) [ProtocolType = rstudio_boost::asio::ip::tcp] src/cpp/session/http/SessionPosixHttpConnectionListener.cpp:118
13 Mar 2021 12:09:15 [rsession-chrisadore] ERROR system error 41 (Protocol wrong type for socket) [request-uri: /graphics/7f6c79bc-4c32-4f75-bf3b-709b25b4a4a7.png]; OCCURRED AT virtual void rstudio::session::HttpConnectionImpl<rstudio_boost::asio::ip::tcp>::sendResponse(const core::http::Response &) [ProtocolType = rstudio_boost::asio::ip::tcp] src/cpp/session/http/SessionPosixHttpConnectionListener.cpp:113; LOGGED FROM: virtual void rstudio::session::HttpConnectionImpl<rstudio_boost::asio::ip::tcp>::sendResponse(const core::http::Response &) [ProtocolType = rstudio_boost::asio::ip::tcp] src/cpp/session/http/SessionPosixHttpConnectionListener.cpp:118
13 Mar 2021 12:45:02 [rsession-chrisadore] ERROR system error 41 (Protocol wrong type for socket) [request-uri: /events/get_events]; OCCURRED AT virtual void rstudio::session::HttpConnectionImpl<rstudio_boost::asio::ip::tcp>::sendResponse(const core::http::Response &) [ProtocolType = rstudio_boost::asio::ip::tcp] src/cpp/session/http/SessionPosixHttpConnectionListener.cpp:113; LOGGED FROM: virtual void rstudio::session::HttpConnectionImpl<rstudio_boost::asio::ip::tcp>::sendResponse(const core::http::Response &) [ProtocolType = rstudio_boost::asio::ip::tcp] src/cpp/session/http/SessionPosixHttpConnectionListener.cpp:118
13 Mar 2021 20:28:09 [rsession-chrisadore] ERROR system error 41 (Protocol wrong type for socket) [request-uri: /events/get_events]; OCCURRED AT virtual void rstudio::session::HttpConnectionImpl<rstudio_boost::asio::ip::tcp>::sendResponse(const core::http::Response &) [ProtocolType = rstudio_boost::asio::ip::tcp] src/cpp/session/http/SessionPosixHttpConnectionListener.cpp:113; LOGGED FROM: virtual void rstudio::session::HttpConnectionImpl<rstudio_boost::asio::ip::tcp>::sendResponse(const core::http::Response &) [ProtocolType = rstudio_boost::asio::ip::tcp] src/cpp/session/http/SessionPosixHttpConnectionListener.cpp:118
14 Mar 2021 12:29:11 [rsession-chrisadore] ERROR system error 41 (Protocol wrong type for socket) [request-uri: /graphics/ddff6bf2-cda3-4e99-b8bb-a67ba24ea153.png]; OCCURRED AT virtual void rstudio::session::HttpConnectionImpl<rstudio_boost::asio::ip::tcp>::sendResponse(const core::http::Response &) [ProtocolType = rstudio_boost::asio::ip::tcp] src/cpp/session/http/SessionPosixHttpConnectionListener.cpp:113; LOGGED FROM: virtual void rstudio::session::HttpConnectionImpl<rstudio_boost::asio::ip::tcp>::sendResponse(const core::http::Response &) [ProtocolType = rstudio_boost::asio::ip::tcp] src/cpp/session/http/SessionPosixHttpConnectionListener.cpp:118
14 Mar 2021 13:30:22 [rsession-chrisadore] ERROR system error 41 (Protocol wrong type for socket) [request-uri: /events/get_events]; OCCURRED AT virtual void rstudio::session::HttpConnectionImpl<rstudio_boost::asio::ip::tcp>::sendResponse(const core::http::Response &) [ProtocolType = rstudio_boost::asio::ip::tcp] src/cpp/session/http/SessionPosixHttpConnectionListener.cpp:113; LOGGED FROM: virtual void rstudio::session::HttpConnectionImpl<rstudio_boost::asio::ip::tcp>::sendResponse(const core::http::Response &) [ProtocolType = rstudio_boost::asio::ip::tcp] src/cpp/session/http/SessionPosixHttpConnectionListener.cpp:118
14 Mar 2021 22:58:29 [rsession-chrisadore] ERROR system error 41 (Protocol wrong type for socket) [request-uri: /graphics/77194005-b832-4e22-aa90-e0ef9edf478a.png]; OCCURRED AT virtual void rstudio::session::HttpConnectionImpl<rstudio_boost::asio::ip::tcp>::sendResponse(const core::http::Response &) [ProtocolType = rstudio_boost::asio::ip::tcp] src/cpp/session/http/SessionPosixHttpConnectionListener.cpp:113; LOGGED FROM: virtual void rstudio::session::HttpConnectionImpl<rstudio_boost::asio::ip::tcp>::sendResponse(const core::http::Response &) [ProtocolType = rstudio_boost::asio::ip::tcp] src/cpp/session/http/SessionPosixHttpConnectionListener.cpp:118
16 Mar 2021 14:02:21 [rsession-chrisadore] ERROR system error 2 (No such file or directory) [path: /Volumes/TOSHIBA EXT/RNAseq1/2p-star-ensembl]; OCCURRED AT void rstudio::core::system::file_monitor::(anonymous namespace)::fileEventCallback(ConstFSEventStreamRef, void *, size_t, void *, const FSEventStreamEventFlags *, const FSEventStreamEventId *) src/cpp/core/system/file_monitor/MacFileMonitor.cpp:144; LOGGED FROM: void rstudio::session::projects::ProjectContext::fileMonitorTermination(const rstudio::core::Error &) src/cpp/session/projects/SessionProjectContext.cpp:559
17 Mar 2021 15:32:05 [rsession-chrisadore] ERROR system error 41 (Protocol wrong type for socket) [request-uri: /events/get_events]; OCCURRED AT virtual void rstudio::session::HttpConnectionImpl<rstudio_boost::asio::ip::tcp>::sendResponse(const core::http::Response &) [ProtocolType = rstudio_boost::asio::ip::tcp] src/cpp/session/http/SessionPosixHttpConnectionListener.cpp:113; LOGGED FROM: virtual void rstudio::session::HttpConnectionImpl<rstudio_boost::asio::ip::tcp>::sendResponse(const core::http::Response &) [ProtocolType = rstudio_boost::asio::ip::tcp] src/cpp/session/http/SessionPosixHttpConnectionListener.cpp:118
26 Mar 2021 18:35:10 [rsession-chrisadore] ERROR system error 41 (Protocol wrong type for socket) [request-uri: /events/get_events]; OCCURRED AT virtual void rstudio::session::HttpConnectionImpl<rstudio_boost::asio::ip::tcp>::sendResponse(const core::http::Response &) [ProtocolType = rstudio_boost::asio::ip::tcp] src/cpp/session/http/SessionPosixHttpConnectionListener.cpp:113; LOGGED FROM: virtual void rstudio::session::HttpConnectionImpl<rstudio_boost::asio::ip::tcp>::sendResponse(const core::http::Response &) [ProtocolType = rstudio_boost::asio::ip::tcp] src/cpp/session/http/SessionPosixHttpConnectionListener.cpp:118
27 Mar 2021 12:23:34 [rsession-chrisadore] ERROR system error 41 (Protocol wrong type for socket) [request-uri: /events/get_events]; OCCURRED AT virtual void rstudio::session::HttpConnectionImpl<rstudio_boost::asio::ip::tcp>::sendResponse(const core::http::Response &) [ProtocolType = rstudio_boost::asio::ip::tcp] src/cpp/session/http/SessionPosixHttpConnectionListener.cpp:113; LOGGED FROM: virtual void rstudio::session::HttpConnectionImpl<rstudio_boost::asio::ip::tcp>::sendResponse(const core::http::Response &) [ProtocolType = rstudio_boost::asio::ip::tcp] src/cpp/session/http/SessionPosixHttpConnectionListener.cpp:118
22 May 2021 15:59:30 [rsession-chrisadore] ERROR r error 4 (R code execution error) [errormsg: 下標超出邊界]; OCCURRED AT rstudio::core::Error rstudio::r::exec::executeSafely(boost::function<void ()>) src/cpp/r/RExec.cpp:224; LOGGED FROM: void rstudio::session::(anonymous namespace)::processEvents() src/cpp/session/SessionHttpMethods.cpp:99
04 Jul 2021 12:23:01 [rsession-chrisadore] ERROR system error 41 (Protocol wrong type for socket) [request-uri: /events/get_events]; OCCURRED AT virtual void rstudio::session::HttpConnectionImpl<rstudio_boost::asio::ip::tcp>::sendResponse(const core::http::Response &) [ProtocolType = rstudio_boost::asio::ip::tcp] src/cpp/session/http/SessionPosixHttpConnectionListener.cpp:113; LOGGED FROM: virtual void rstudio::session::HttpConnectionImpl<rstudio_boost::asio::ip::tcp>::sendResponse(const core::http::Response &) [ProtocolType = rstudio_boost::asio::ip::tcp] src/cpp/session/http/SessionPosixHttpConnectionListener.cpp:118
05 Jul 2021 06:52:22 [rsession-chrisadore] ERROR system error 41 (Protocol wrong type for socket) [request-uri: /events/get_events]; OCCURRED AT virtual void rstudio::session::HttpConnectionImpl<rstudio_boost::asio::ip::tcp>::sendResponse(const core::http::Response &) [ProtocolType = rstudio_boost::asio::ip::tcp] src/cpp/session/http/SessionPosixHttpConnectionListener.cpp:113; LOGGED FROM: virtual void rstudio::session::HttpConnectionImpl<rstudio_boost::asio::ip::tcp>::sendResponse(const core::http::Response &) [ProtocolType = rstudio_boost::asio::ip::tcp] src/cpp/session/http/SessionPosixHttpConnectionListener.cpp:118
