[kited] 2021/11/12 04:53:51.815500 app.go:197: listening at port: 46624
[kited] 2021/11/12 04:53:51.815682 app.go:198: machine ID: 5d3ba77c34159dee45066d3025960ca7
[kited] 2021/11/12 04:53:51.815709 app.go:199: install ID: a932afdf-f5bc-47c3-b778-c6b827fd5c4c
[kited] 2021/11/12 04:53:51.815728 app.go:200: OS: darwin
[kited] 2021/11/12 04:53:51.815905 app.go:201: CPU: vendor Intel, brand Intel(R) Core(TM) i5-8257U CPU @ 1.40GHz, family 6, model 142, 4 cores, 8 threads, flags: ADX,AESNI,AVX,AVX2,BMI1,BMI2,CLMUL,CMOV,CX16,ERMS,F16C,FMA3,HTT,IBPB,LZCNT,MMX,MMXEXT,MPX,NX,POPCNT,RDRAND,RDSEED,RDTSCP,SGX,SSE,SSE2,SSE3,SSE4.1,SSE4.2,SSSE3,STIBP,VMX
[kited] 2021/11/12 04:53:51.815936 app.go:202: platform: darwin Standalone Workstation 11.6
[kited] 2021/11/12 04:53:51.815953 app.go:203: root dir: /Users/chrisadore/.kite
[kited] 2021/11/12 04:53:51.815970 app.go:204: log file: /Users/chrisadore/.kite/logs/client.log
[kited] 2021/11/12 04:53:51.816010 app.go:205: dev mode: false
[kited] 2021/11/12 04:53:51.816039 app.go:206: version: 0.20210610.0
[kited] 2021/11/12 04:53:51.816057 app.go:207: configuration: Release
[kited] 2021/11/12 04:53:51.817596 app.go:214: proxy: environment
[kited] 2021/11/12 04:53:51.855740 manager.go:173: using tf_threads value of 1
[kited] 2021/11/12 04:53:52.672784 manager.go:263: watching dir /Users/chrisadore
[kited] 2021/11/12 04:53:52.691811 client.go:172: Successfully loaded 1 licenses
[kited] 2021/11/12 04:53:52.694315 app.go:341: using startup mode: PluginLaunch
[kited] 2021/11/12 04:53:52.694363 app.go:342: using startup channel: autocomplete-python
[kited] 2021/11/12 04:53:52.694493 http.go:35: starting processHTTP(https://alpha.kite.com/)
[kited] 2021/11/12 04:53:52.694660 state.go:75: track: setting user ids User{id:0 email: installID:a932afdf-f5bc-47c3-b778-c6b827fd5c4c machineID:5d3ba77c34159dee45066d3025960ca7}
[kited] 2021/11/12 04:53:52.771417 handlers.go:68: GET /clientapi/ping 200 2 236.059µs
[kited] 2021/11/12 04:53:52.833092 manager.go:385: walking root dir /Users/chrisadore
[kited] 2021/11/12 04:53:52.975830 handlers.go:68: GET /clientapi/ping 200 2 106.212µs
[kited] 2021/11/12 04:53:53.505752 http.go:146: received login event
[kited] 2021/11/12 04:53:53.506571 plugins.go:171: activated GoTick in plugin manager
[kited] 2021/11/12 04:53:53.506727 listener.go:58: connection dropped: failed to get reader: context canceled
[kited] 2021/11/12 04:53:53.609500 handlers.go:68: GET /clientapi/ping 200 2 155.69µs
[kited] 2021/11/12 04:53:53.617963 plugins.go:177: updating Kite_status flag for spyder settings: suboptimal = false
[kited] 2021/11/12 04:53:53.661123 manager.go:378: identifying with id: 856220
[kited] 2021/11/12 04:53:56.575947 track.go:167: tracker.Event: Found Editors
[kited] 2021/11/12 04:53:56.576040 track.go:167: tracker.Event: Found Installed Plugins
[kited] 2021/11/12 04:53:56.714085 editorslist.go:19: Detected 1 running editors with 0 new entries, purged 0 entries
[kited] 2021/11/12 04:53:56.714567 plugins_helpers.go:104: attempting to update vscode
[kited] 2021/11/12 04:53:58.562988 handlers.go:68: GET /clientapi/ping 200 2 55.203µs
[kited] 2021/11/12 04:53:58.955557 track.go:167: tracker.Event: Background Library Walk Completed
[kited] 2021/11/12 04:53:58.955642 manager.go:401: Library dirs: 0
[kited] 2021/11/12 04:53:58.955691 manager.go:402: Walk took: 6.122377963s
[kited] 2021/11/12 04:53:58.955715 manager.go:406: finished walking root dir /Users/chrisadore
[kited] 2021/11/12 04:53:58.957273 track.go:167: tracker.Event: Successful Plugin Updates
[kited] 2021/11/12 04:54:03.574710 handlers.go:68: GET /clientapi/ping 200 2 78.499µs
[kited] 2021/11/12 04:54:08.559619 handlers.go:68: GET /clientapi/ping 200 2 50.82µs
[kited] 2021/11/12 04:54:13.569508 handlers.go:68: GET /clientapi/ping 200 2 82.195µs
[kited] 2021/11/12 04:54:18.559169 handlers.go:68: GET /clientapi/ping 200 2 52.638µs
[kited] 2021/11/12 04:54:23.559647 handlers.go:68: GET /clientapi/ping 200 2 46.892µs
[kited] 2021/11/12 04:54:28.567867 handlers.go:68: GET /clientapi/ping 200 2 516.528µs
[kited] 2021/11/12 04:54:33.578365 handlers.go:68: GET /clientapi/ping 200 2 54.714µs
[kited] 2021/11/12 04:54:38.577689 handlers.go:68: GET /clientapi/ping 200 2 54.545µs
[kited] 2021/11/12 04:54:43.569485 handlers.go:68: GET /clientapi/ping 200 2 57.195µs
[kited] 2021/11/12 04:54:48.579739 handlers.go:68: GET /clientapi/ping 200 2 71.701µs
[kited] 2021/11/12 04:54:53.627832 handlers.go:68: GET /clientapi/ping 200 2 68.818µs
[kited] 2021/11/12 04:54:58.593612 handlers.go:68: GET /clientapi/ping 200 2 58.322µs
[kited] 2021/11/12 04:55:03.588199 handlers.go:68: GET /clientapi/ping 200 2 56.049µs
[kited] 2021/11/12 04:55:08.579552 handlers.go:68: GET /clientapi/ping 200 2 55.555µs
[kited] 2021/11/12 04:55:13.577321 handlers.go:68: GET /clientapi/ping 200 2 48.317µs
[kited] 2021/11/12 04:55:18.574661 handlers.go:68: GET /clientapi/ping 200 2 50.265µs
[kited] 2021/11/12 04:55:23.582422 handlers.go:68: GET /clientapi/ping 200 2 78.091µs
[kited] 2021/11/12 04:55:28.587112 handlers.go:68: GET /clientapi/ping 200 2 62.049µs
[kited] 2021/11/12 04:55:33.585700 handlers.go:68: GET /clientapi/ping 200 2 49.125µs
[kited] 2021/11/12 04:55:38.605711 handlers.go:68: GET /clientapi/ping 200 2 64.705µs
[kited] 2021/11/12 04:55:43.596420 handlers.go:68: GET /clientapi/ping 200 2 66.805µs
[kited] 2021/11/12 04:55:48.591997 handlers.go:68: GET /clientapi/ping 200 2 47.674µs
[kited] 2021/11/12 04:55:53.628777 handlers.go:68: GET /clientapi/ping 200 2 77.018µs
[kited] 2021/11/12 04:55:58.601769 handlers.go:68: GET /clientapi/ping 200 2 117.895µs
[kited] 2021/11/12 04:56:03.601385 handlers.go:68: GET /clientapi/ping 200 2 49.076µs
